<?xml version="1.0" encoding="UTF-8"?>
<testng-results skipped="0" failed="0" ignored="0" total="1" passed="1">
  <reporter-output>
  </reporter-output>
  <suite name="Default suite" duration-ms="32" started-at="2021-02-12T16:27:04 IST" finished-at="2021-02-12T16:27:04 IST">
    <groups>
    </groups>
    <test name="Default test" duration-ms="32" started-at="2021-02-12T16:27:04 IST" finished-at="2021-02-12T16:27:04 IST">
      <class name="tests.Test1">
        <test-method status="PASS" signature="method()[pri:0, instance:tests.Test1@7fac631b]" name="method" duration-ms="6" started-at="2021-02-12T16:27:04 IST" finished-at="2021-02-12T16:27:04 IST">
          <reporter-output>
          </reporter-output>
        </test-method> <!-- method -->
      </class> <!-- tests.Test1 -->
    </test> <!-- Default test -->
  </suite> <!-- Default suite -->
</testng-results>
